<?xml version="1.0" encoding="UTF-8"?>
<testsuite xmlns:xsi="http://www.w3.org/2001/XMLSchema-instance" xsi:noNamespaceSchemaLocation="https://maven.apache.org/surefire/maven-surefire-plugin/xsd/surefire-test-report.xsd" name="com.latitude.stockprice.ApplicationTests" time="0.262" tests="7" errors="0" skipped="0" failures="0">
  <properties>
[...]
</properties>
  <testcase name="checkFlatPriceScenario" classname="com.latitude.stockprice.ApplicationTests" time="0.002"/>
  <testcase name="checkProfitScenario" classname="com.latitude.stockprice.ApplicationTests" time="0"/>
  <testcase name="checkEmptyInput{List}[1]" classname="com.latitude.stockprice.ApplicationTests" time="0.026"/>
  <testcase name="checkNullAndEmptyInput{List}[1]" classname="com.latitude.stockprice.ApplicationTests" time="0.002"/>
  <testcase name="checkNullAndEmptyInput{List}[2]" classname="com.latitude.stockprice.ApplicationTests" time="0.001"/>
  <testcase name="checkLossScenario" classname="com.latitude.stockprice.ApplicationTests" time="0.003"/>
  <testcase name="checkInvalidInput" classname="com.latitude.stockprice.ApplicationTests" time="0.001"/>
</testsuite>